Using pre-set license
Built from '2023.1/staging' branch; Version is '2023.1.0b10 (4d1d37b14308) revision 5053751'; Using compiler version '192829333'; Build Type 'Release'
OS: 'Windows 11  (10.0.25967) 64bit CoreSingleLanguage' Language: 'en' Physical Memory: 15713 MB
BatchMode: 1, IsHumanControllingUs: 0, StartBugReporterOnCrash: 0, Is64bit: 1, IsPro: 1

COMMAND LINE ARGUMENTS:
C:\Program Files\Unity\Hub\Editor\2023.1.0b10\Editor\Unity.exe
-adb2
-batchMode
-noUpm
-name
AssetImportWorker2
-projectPath
C:/Users/srija/OneDrive/Documents/UnityProjects/WildTrucks/Wild Trucks
-logFile
Logs/AssetImportWorker2.log
-srvPort
53439
Successfully changed project path to: C:/Users/srija/OneDrive/Documents/UnityProjects/WildTrucks/Wild Trucks
C:/Users/srija/OneDrive/Documents/UnityProjects/WildTrucks/Wild Trucks
[UnityMemory] Configuration Parameters - Can be set up in boot.config
    "memorysetup-bucket-allocator-granularity=16"
    "memorysetup-bucket-allocator-bucket-count=8"
    "memorysetup-bucket-allocator-block-size=33554432"
    "memorysetup-bucket-allocator-block-count=8"
    "memorysetup-main-allocator-block-size=16777216"
    "memorysetup-thread-allocator-block-size=16777216"
    "memorysetup-gfx-main-allocator-block-size=16777216"
    "memorysetup-gfx-thread-allocator-block-size=16777216"
    "memorysetup-cache-allocator-block-size=4194304"
    "memorysetup-typetree-allocator-block-size=2097152"
    "memorysetup-profiler-bucket-allocator-granularity=16"
    "memorysetup-profiler-bucket-allocator-bucket-count=8"
    "memorysetup-profiler-bucket-allocator-block-size=33554432"
    "memorysetup-profiler-bucket-allocator-block-count=8"
    "memorysetup-profiler-allocator-block-size=16777216"
    "memorysetup-profiler-editor-allocator-block-size=1048576"
    "memorysetup-temp-allocator-size-main=16777216"
    "memorysetup-job-temp-allocator-block-size=2097152"
    "memorysetup-job-temp-allocator-block-size-background=1048576"
    "memorysetup-job-temp-allocator-reduction-small-platforms=262144"
    "memorysetup-temp-allocator-size-background-worker=32768"
    "memorysetup-temp-allocator-size-job-worker=262144"
    "memorysetup-temp-allocator-size-preload-manager=33554432"
    "memorysetup-temp-allocator-size-nav-mesh-worker=65536"
    "memorysetup-temp-allocator-size-audio-worker=65536"
    "memorysetup-temp-allocator-size-cloud-worker=32768"
    "memorysetup-temp-allocator-size-gi-baking-worker=262144"
    "memorysetup-temp-allocator-size-gfx=262144"
Player connection [21900] Host "[IP] 192.168.198.148 [Port] 0 [Flags] 2 [Guid] 3474158610 [EditorId] 3474158610 [Version] 1048832 [Id] WindowsEditor(7,Gods-Lappy) [Debug] 1 [PackageName] WindowsEditor [ProjectName] Editor" joined multi-casting on [225.0.0.222:54997]...

Player connection [21900] Host "[IP] 192.168.198.148 [Port] 0 [Flags] 2 [Guid] 3474158610 [EditorId] 3474158610 [Version] 1048832 [Id] WindowsEditor(7,Gods-Lappy) [Debug] 1 [PackageName] WindowsEditor [ProjectName] Editor" joined alternative multi-casting on [225.0.0.222:34997]...

Library Redirect Path: Library/Refreshing native plugins compatible for Editor in 601.20 ms, found 13 plugins.
Preloading 0 native plugins for Editor in 0.00 ms.
Initialize engine version: 2023.1.0b10 (4d1d37b14308)
[Subsystems] Discovering subsystems at path C:/Program Files/Unity/Hub/Editor/2023.1.0b10/Editor/Data/Resources/UnitySubsystems
[Subsystems] Discovering subsystems at path C:/Users/srija/OneDrive/Documents/UnityProjects/WildTrucks/Wild Trucks/Assets
GfxDevice: creating device client; threaded=0; jobified=0
Direct3D:
    Version:  Direct3D 11.0 [level 11.1]
    Renderer: NVIDIA GeForce RTX 3050 Ti Laptop GPU (ID=0x25a0)
    Vendor:   NVIDIA
    VRAM:     3976 MB
    Driver:   31.0.15.3667
Initialize mono
Mono path[0] = 'C:/Program Files/Unity/Hub/Editor/2023.1.0b10/Editor/Data/Managed'
Mono path[1] = 'C:/Program Files/Unity/Hub/Editor/2023.1.0b10/Editor/Data/MonoBleedingEdge/lib/mono/unityjit-win32'
Mono config path = 'C:/Program Files/Unity/Hub/Editor/2023.1.0b10/Editor/Data/MonoBleedingEdge/etc'
Using monoOptions --debugger-agent=transport=dt_socket,embedding=1,server=y,suspend=n,address=127.0.0.1:56616
Begin MonoManager ReloadAssembly
Registering precompiled unity dll's ...
Register platform support module: C:/Program Files/Unity/Hub/Editor/2023.1.0b10/Editor/Data/PlaybackEngines/WindowsStandaloneSupport/UnityEditor.WindowsStandalone.Extensions.dll
Register platform support module: C:/Program Files/Unity/Hub/Editor/2023.1.0b10/Editor/Data/PlaybackEngines/AndroidPlayer/UnityEditor.Android.Extensions.dll
Registered in 0.003011 seconds.
- Loaded All Assemblies, in  0.340 seconds
Native extension for Android target not found
Android Extension - Scanning For ADB Devices 353 ms
Native extension for WindowsStandalone target not found
Mono: successfully reloaded assembly
- Finished resetting the current domain, in  0.694 seconds
Domain Reload Profiling: 1033ms
	BeginReloadAssembly (108ms)
		ExecutionOrderSort (0ms)
		DisableScriptedObjects (0ms)
		BackupInstance (0ms)
		ReleaseScriptingObjects (0ms)
		CreateAndSetChildDomain (1ms)
	RebuildCommonClasses (32ms)
	RebuildNativeTypeToScriptingClass (10ms)
	initialDomainReloadingComplete (42ms)
	LoadAllAssembliesAndSetupDomain (147ms)
		LoadAssemblies (106ms)
		RebuildTransferFunctionScriptingTraits (0ms)
		AnalyzeDomain (143ms)
			TypeCache.Refresh (142ms)
				TypeCache.ScanAssembly (132ms)
			ScanForSourceGeneratedMonoScriptInfo (0ms)
			ResolveRequiredComponents (0ms)
	FinalizeReload (694ms)
		ReleaseScriptCaches (0ms)
		RebuildScriptCaches (0ms)
		SetupLoadedEditorAssemblies (652ms)
			LogAssemblyErrors (0ms)
			InitializePlatformSupportModulesInManaged (450ms)
			SetLoadedEditorAssemblies (4ms)
			BeforeProcessingInitializeOnLoad (6ms)
			ProcessInitializeOnLoadAttributes (131ms)
			ProcessInitializeOnLoadMethodAttributes (61ms)
			AfterProcessingInitializeOnLoad (0ms)
			EditorAssembliesLoaded (0ms)
		ExecutionOrderSort2 (0ms)
		AwakeInstancesAfterBackupRestoration (0ms)
========================================================================
Worker process is ready to serve import requests
Import Worker Mode flag is 0x00
Begin MonoManager ReloadAssembly
- Loaded All Assemblies, in  0.978 seconds
Refreshing native plugins compatible for Editor in 19.60 ms, found 13 plugins.
Native extension for Android target not found
Native extension for WindowsStandalone target not found
GPGSUpgrader start
UnityEngine.StackTraceUtility:ExtractStackTrace ()
UnityEngine.DebugLogHandler:Internal_Log (UnityEngine.LogType,UnityEngine.LogOption,string,UnityEngine.Object)
UnityEngine.DebugLogHandler:LogFormat (UnityEngine.LogType,UnityEngine.Object,string,object[])
UnityEngine.Logger:Log (UnityEngine.LogType,object)
UnityEngine.Debug:Log (object)
GooglePlayGames.Editor.GPGSUpgrader:.cctor () (at Assets/GooglePlayGames/com.google.play.games/Editor/GPGSUpgrader.cs:38)
System.Runtime.CompilerServices.RuntimeHelpers:RunClassConstructor (System.RuntimeTypeHandle)
UnityEditor.EditorAssemblies:ProcessInitializeOnLoadAttributes (System.Type[])

(Filename: Assets/GooglePlayGames/com.google.play.games/Editor/GPGSUpgrader.cs Line: 38)

GPGSUpgrader done
UnityEngine.StackTraceUtility:ExtractStackTrace ()
UnityEngine.DebugLogHandler:Internal_Log (UnityEngine.LogType,UnityEngine.LogOption,string,UnityEngine.Object)
UnityEngine.DebugLogHandler:LogFormat (UnityEngine.LogType,UnityEngine.Object,string,object[])
UnityEngine.Logger:Log (UnityEngine.LogType,object)
UnityEngine.Debug:Log (object)
GooglePlayGames.Editor.GPGSUpgrader:.cctor () (at Assets/GooglePlayGames/com.google.play.games/Editor/GPGSUpgrader.cs:57)
System.Runtime.CompilerServices.RuntimeHelpers:RunClassConstructor (System.RuntimeTypeHandle)
UnityEditor.EditorAssemblies:ProcessInitializeOnLoadAttributes (System.Type[])

(Filename: Assets/GooglePlayGames/com.google.play.games/Editor/GPGSUpgrader.cs Line: 57)

Mono: successfully reloaded assembly
Package Manager log level set to [2]
[Package Manager] Failed to launch server process. Reason: Unity was launched with the -noUpm command-line argument
[Package Manager] Unable to send message (not connected to server process).
[Package Manager] Cannot connect to Unity Package Manager local server
[Package Manager] Failed to launch server process. Reason: Unity was launched with the -noUpm command-line argument
[Package Manager] Unable to send message (not connected to server process).
[Package Manager] Cannot connect to Unity Package Manager local server
- Finished resetting the current domain, in  1.417 seconds
Domain Reload Profiling: 2392ms
	BeginReloadAssembly (266ms)
		ExecutionOrderSort (0ms)
		DisableScriptedObjects (6ms)
		BackupInstance (0ms)
		ReleaseScriptingObjects (0ms)
		CreateAndSetChildDomain (36ms)
	RebuildCommonClasses (34ms)
	RebuildNativeTypeToScriptingClass (11ms)
	initialDomainReloadingComplete (44ms)
	LoadAllAssembliesAndSetupDomain (620ms)
		LoadAssemblies (358ms)
		RebuildTransferFunctionScriptingTraits (0ms)
		AnalyzeDomain (345ms)
			TypeCache.Refresh (306ms)
				TypeCache.ScanAssembly (288ms)
			ScanForSourceGeneratedMonoScriptInfo (26ms)
			ResolveRequiredComponents (13ms)
	FinalizeReload (1417ms)
		ReleaseScriptCaches (0ms)
		RebuildScriptCaches (0ms)
		SetupLoadedEditorAssemblies (837ms)
			LogAssemblyErrors (0ms)
			InitializePlatformSupportModulesInManaged (16ms)
			SetLoadedEditorAssemblies (3ms)
			BeforeProcessingInitializeOnLoad (94ms)
			ProcessInitializeOnLoadAttributes (695ms)
			ProcessInitializeOnLoadMethodAttributes (26ms)
			AfterProcessingInitializeOnLoad (3ms)
			EditorAssembliesLoaded (0ms)
		ExecutionOrderSort2 (0ms)
		AwakeInstancesAfterBackupRestoration (6ms)
Launched and connected shader compiler UnityShaderCompiler.exe after 0.02 seconds
Refreshing native plugins compatible for Editor in 21.52 ms, found 13 plugins.
Preloading 0 native plugins for Editor in 0.00 ms.
Unloading 5879 Unused Serialized files (Serialized files now loaded: 0)
Unloading 220 unused Assets / (1.9 MB). Loaded Objects now: 6353.
Memory consumption went from 251.6 MB to 249.6 MB.
Total: 5.692200 ms (FindLiveObjects: 0.639500 ms CreateObjectMapping: 0.405900 ms MarkObjects: 4.061600 ms  DeleteObjects: 0.584200 ms)

AssetImportParameters requested are different than current active one (requested -> active):
  custom:video-decoder-webm-vp8: 9c59270c3fd7afecdb556c50c9e8de78 -> 
  custom:audio-encoder-webm-vorbis: bf7c407c2cedff20999df2af8eb42d56 -> 
  custom:AudioImporter_EditorPlatform: d09bf68614088b80899f8185d706f6e7 -> 
  custom:audio-decoder-ogg-vorbis: bf7c407c2cedff20999df2af8eb42d56 -> 
  custom:video-encoder-webm-vp8: eb34c28f22e8b96e1ab97ce403110664 -> 
  custom:container-demuxer-ogg: 62fdf1f143b41e24485cea50d1cbac27 -> 
  custom:framework-win-MediaFoundation: 216162199b28c13a410421893ffa2e32 -> 
  custom:video-decoder-ogg-theora: a1e56fd34408186e4bbccfd4996cb3dc -> 
  custom:container-muxer-webm: aa71ff27fc2769a1b78a27578f13a17b -> 
  custom:video-codec-MediaFoundation-h265: 746d11721c4dcdbdad8f713fa42b33f4 -> 
  custom:container-demuxer-webm: 4f35f7cbe854078d1ac9338744f61a02 -> 
========================================================================
Received Import Request.
  Time since last request: 56356.726798 seconds.
  path: Assets/_UI/Modern UI Pack/Fonts/OpenSans-Bold SDF.asset
  artifactKey: Guid(fa328c1ae3ffb6b4583cf371153b0be6) Importer(815301076,1909f56bfc062723c751e8b465ee728b)
Start importing Assets/_UI/Modern UI Pack/Fonts/OpenSans-Bold SDF.asset using Guid(fa328c1ae3ffb6b4583cf371153b0be6) Importer(815301076,1909f56bfc062723c751e8b465ee728b)  -> (artifact id: '2be0298f055a47d7936920c8adedd7bf') in 0.408314 seconds
Number of updated asset objects reloaded before import = 0
Number of asset objects unloaded after import = 15
========================================================================
Received Import Request.
  Time since last request: 0.000050 seconds.
  path: Assets/_UI/Modern UI Pack/Fonts/OpenSans-Regular SDF.asset
  artifactKey: Guid(4bd810f1cbcb0f446a8f5a31453e243f) Importer(815301076,1909f56bfc062723c751e8b465ee728b)
Start importing Assets/_UI/Modern UI Pack/Fonts/OpenSans-Regular SDF.asset using Guid(4bd810f1cbcb0f446a8f5a31453e243f) Importer(815301076,1909f56bfc062723c751e8b465ee728b)  -> (artifact id: '876b9e4ef75ab7f15cf1c4f2fd21021b') in 0.065674 seconds
Number of updated asset objects reloaded before import = 0
Number of asset objects unloaded after import = 20
========================================================================
Received Import Request.
  Time since last request: 0.000031 seconds.
  path: Assets/_UI/Modern UI Pack/Fonts/OpenSans-SemiboldItalic SDF.asset
  artifactKey: Guid(e5fa6cba27f1b7a47838db200baa1556) Importer(815301076,1909f56bfc062723c751e8b465ee728b)
Start importing Assets/_UI/Modern UI Pack/Fonts/OpenSans-SemiboldItalic SDF.asset using Guid(e5fa6cba27f1b7a47838db200baa1556) Importer(815301076,1909f56bfc062723c751e8b465ee728b)  -> (artifact id: 'b5834027fff8bd6086eb407c655a84e3') in 0.049991 seconds
Number of updated asset objects reloaded before import = 0
Number of asset objects unloaded after import = 11
========================================================================
Received Import Request.
  Time since last request: 0.000027 seconds.
  path: Assets/_UI/Modern UI Pack/Fonts/OpenSans-LightItalic SDF.asset
  artifactKey: Guid(d10d3fbe67cb68d41930a013bc4e2e43) Importer(815301076,1909f56bfc062723c751e8b465ee728b)
Start importing Assets/_UI/Modern UI Pack/Fonts/OpenSans-LightItalic SDF.asset using Guid(d10d3fbe67cb68d41930a013bc4e2e43) Importer(815301076,1909f56bfc062723c751e8b465ee728b)  -> (artifact id: '0c727ffae548e15d44b149b4f61e8357') in 0.055573 seconds
Number of updated asset objects reloaded before import = 0
Number of asset objects unloaded after import = 17
========================================================================
Received Import Request.
  Time since last request: 0.000040 seconds.
  path: Assets/_UI/Modern UI Pack/Fonts/OpenSans-Semibold SDF.asset
  artifactKey: Guid(84dd14695854bbc43a5faa24fcf93d0d) Importer(815301076,1909f56bfc062723c751e8b465ee728b)
Start importing Assets/_UI/Modern UI Pack/Fonts/OpenSans-Semibold SDF.asset using Guid(84dd14695854bbc43a5faa24fcf93d0d) Importer(815301076,1909f56bfc062723c751e8b465ee728b)  -> (artifact id: 'ebb4a38e9bbeb92c24a2ce5915e8cf54') in 0.053184 seconds
Number of updated asset objects reloaded before import = 0
Number of asset objects unloaded after import = 20
========================================================================
Received Import Request.
  Time since last request: 4.859266 seconds.
  path: Assets/Utilities/TextMesh Pro/Resources/Fonts & Materials/LiberationSans SDF.asset
  artifactKey: Guid(8f586378b4e144a9851e7b34d9b748ee) Importer(815301076,1909f56bfc062723c751e8b465ee728b)
Start importing Assets/Utilities/TextMesh Pro/Resources/Fonts & Materials/LiberationSans SDF.asset using Guid(8f586378b4e144a9851e7b34d9b748ee) Importer(815301076,1909f56bfc062723c751e8b465ee728b)  -> (artifact id: 'f8526f318ab95d3ad5b9c1718b4ff5c9') in 0.060598 seconds
Number of updated asset objects reloaded before import = 0
Number of asset objects unloaded after import = 10
========================================================================
Received Import Request.
  Time since last request: 265.084790 seconds.
  path: Assets/PlayerUtilities/Mini First Person Controller/Audio/Jump/Jump 1.wav
  artifactKey: Guid(3888a1e1c52793144a6d07b8c508772e) Importer(815301076,1909f56bfc062723c751e8b465ee728b)
Start importing Assets/PlayerUtilities/Mini First Person Controller/Audio/Jump/Jump 1.wav using Guid(3888a1e1c52793144a6d07b8c508772e) Importer(815301076,1909f56bfc062723c751e8b465ee728b)  -> (artifact id: 'b03f7e8a6c75a5b8ee656a3190f14e40') in 0.052035 seconds
Number of updated asset objects reloaded before import = 0
Number of asset objects unloaded after import = 2
========================================================================
Received Import Request.
  Time since last request: 0.000083 seconds.
  path: Assets/_Enviroment/Low Poly Ultimate Pack/M/- Meshes_M/Tiles_M/Rails_M/tile-rail-conjunction.fbx
  artifactKey: Guid(57c06ca72989b444a99f28a5ce0d7bbd) Importer(815301076,1909f56bfc062723c751e8b465ee728b)
Start importing Assets/_Enviroment/Low Poly Ultimate Pack/M/- Meshes_M/Tiles_M/Rails_M/tile-rail-conjunction.fbx using Guid(57c06ca72989b444a99f28a5ce0d7bbd) Importer(815301076,1909f56bfc062723c751e8b465ee728b)  -> (artifact id: '6e327c174ff2bc56a554d377617c27c1') in 0.117631 seconds
Number of updated asset objects reloaded before import = 0
Number of asset objects unloaded after import = 9
========================================================================
Received Import Request.
  Time since last request: 0.000045 seconds.
  path: Assets/_Enviroment/Low Poly Ultimate Pack/M/- Prefabs_M/Tiles_M/Rails_M/tile-rail-conjunction.prefab
  artifactKey: Guid(b90eb364569382c4d9527490de844629) Importer(815301076,1909f56bfc062723c751e8b465ee728b)
Start importing Assets/_Enviroment/Low Poly Ultimate Pack/M/- Prefabs_M/Tiles_M/Rails_M/tile-rail-conjunction.prefab using Guid(b90eb364569382c4d9527490de844629) Importer(815301076,1909f56bfc062723c751e8b465ee728b)  -> (artifact id: 'e4ecc84a656aea028872c076c514c5d2') in 0.047434 seconds
Number of updated asset objects reloaded before import = 0
Number of asset objects unloaded after import = 15
========================================================================
Received Import Request.
  Time since last request: 5.185782 seconds.
  path: Assets/PlayFabEditorExtensions/Editor/UI/Images/dashboardIconHover.png
  artifactKey: Guid(b43817ee9dda16c41a628a705526a021) Importer(815301076,1909f56bfc062723c751e8b465ee728b)
Start importing Assets/PlayFabEditorExtensions/Editor/UI/Images/dashboardIconHover.png using Guid(b43817ee9dda16c41a628a705526a021) Importer(815301076,1909f56bfc062723c751e8b465ee728b)  -> (artifact id: '6ce8f5ff3d314d84d0fa5f8a60401d71') in 0.035158 seconds
Number of updated asset objects reloaded before import = 0
Number of asset objects unloaded after import = 3
========================================================================
Received Import Request.
  Time since last request: 14.901727 seconds.
  path: Assets/_UI/Modern UI Pack/Textures/Icon/Design/Crop Filled.png
  artifactKey: Guid(28865e3766dc95c45b0a5720af378d53) Importer(815301076,1909f56bfc062723c751e8b465ee728b)
Start importing Assets/_UI/Modern UI Pack/Textures/Icon/Design/Crop Filled.png using Guid(28865e3766dc95c45b0a5720af378d53) Importer(815301076,1909f56bfc062723c751e8b465ee728b)  -> (artifact id: '6ec8daef35d248240ce21a96b1c399ac') in 0.030403 seconds
Number of updated asset objects reloaded before import = 0
Number of asset objects unloaded after import = 3
========================================================================
Received Import Request.
  Time since last request: 2.274745 seconds.
  path: Assets/_UI/Modern UI Pack/Textures/Icon/Business & Commerce/Credit Card Filled.png
  artifactKey: Guid(ae081045687b08948a1b166f44643dee) Importer(815301076,1909f56bfc062723c751e8b465ee728b)
Start importing Assets/_UI/Modern UI Pack/Textures/Icon/Business & Commerce/Credit Card Filled.png using Guid(ae081045687b08948a1b166f44643dee) Importer(815301076,1909f56bfc062723c751e8b465ee728b)  -> (artifact id: 'aef91ad6181e8c3d27713d977b9b0d2d') in 0.022076 seconds
Number of updated asset objects reloaded before import = 0
Number of asset objects unloaded after import = 3
========================================================================
Received Import Request.
  Time since last request: 0.000023 seconds.
  path: Assets/_UI/Modern UI Pack/Textures/Icon/Business & Commerce/Money Filled.png
  artifactKey: Guid(a934e30ca800d4e4b8e377b5e5ba7f04) Importer(815301076,1909f56bfc062723c751e8b465ee728b)
Start importing Assets/_UI/Modern UI Pack/Textures/Icon/Business & Commerce/Money Filled.png using Guid(a934e30ca800d4e4b8e377b5e5ba7f04) Importer(815301076,1909f56bfc062723c751e8b465ee728b)  -> (artifact id: '91b643168925f7901767315d6b4cd66c') in 0.031391 seconds
Number of updated asset objects reloaded before import = 0
Number of asset objects unloaded after import = 3
========================================================================
Received Import Request.
  Time since last request: 0.000026 seconds.
  path: Assets/_UI/Modern UI Pack/Textures/Icon/Business & Commerce/Pie Chart.png
  artifactKey: Guid(50468c85a5e6a904d966861b80e1cda9) Importer(815301076,1909f56bfc062723c751e8b465ee728b)
Start importing Assets/_UI/Modern UI Pack/Textures/Icon/Business & Commerce/Pie Chart.png using Guid(50468c85a5e6a904d966861b80e1cda9) Importer(815301076,1909f56bfc062723c751e8b465ee728b)  -> (artifact id: '4b79a489f855b3398f1f49160cd7cdcb') in 0.043275 seconds
Number of updated asset objects reloaded before import = 0
Number of asset objects unloaded after import = 3
========================================================================
Received Import Request.
  Time since last request: 1.359330 seconds.
  path: Assets/_UI/Modern UI Pack/Textures/Icon/Common/Bell Filled.png
  artifactKey: Guid(5604130c3074dc3419d6f832ea194715) Importer(815301076,1909f56bfc062723c751e8b465ee728b)
Start importing Assets/_UI/Modern UI Pack/Textures/Icon/Common/Bell Filled.png using Guid(5604130c3074dc3419d6f832ea194715) Importer(815301076,1909f56bfc062723c751e8b465ee728b)  -> (artifact id: '23c539959c2af76582f467b014798618') in 0.023206 seconds
Number of updated asset objects reloaded before import = 0
Number of asset objects unloaded after import = 3
========================================================================
Received Import Request.
  Time since last request: 0.000027 seconds.
  path: Assets/_UI/Modern UI Pack/Textures/Icon/Common/Heart Filled.png
  artifactKey: Guid(a40e131b61d22ba42b2955962e636ca4) Importer(815301076,1909f56bfc062723c751e8b465ee728b)
Start importing Assets/_UI/Modern UI Pack/Textures/Icon/Common/Heart Filled.png using Guid(a40e131b61d22ba42b2955962e636ca4) Importer(815301076,1909f56bfc062723c751e8b465ee728b)  -> (artifact id: '8e3695e632997f0fadb7fc4df73df3e8') in 0.027426 seconds
Number of updated asset objects reloaded before import = 0
Number of asset objects unloaded after import = 3
========================================================================
Received Import Request.
  Time since last request: 0.000025 seconds.
  path: Assets/_UI/Modern UI Pack/Textures/Icon/Common/Star.png
  artifactKey: Guid(c07549e02a2d55049906af989d15fe22) Importer(815301076,1909f56bfc062723c751e8b465ee728b)
Start importing Assets/_UI/Modern UI Pack/Textures/Icon/Common/Star.png using Guid(c07549e02a2d55049906af989d15fe22) Importer(815301076,1909f56bfc062723c751e8b465ee728b)  -> (artifact id: 'fb52fe8727d2aed14155fe5be89e447a') in 0.034596 seconds
Number of updated asset objects reloaded before import = 0
Number of asset objects unloaded after import = 3
========================================================================
Received Import Request.
  Time since last request: 0.998570 seconds.
  path: Assets/_UI/Modern UI Pack/Textures/Icon/Communication & Social/Discord Filled.png
  artifactKey: Guid(d4856a986af1a6442bc0ae7c0348f2f7) Importer(815301076,1909f56bfc062723c751e8b465ee728b)
Start importing Assets/_UI/Modern UI Pack/Textures/Icon/Communication & Social/Discord Filled.png using Guid(d4856a986af1a6442bc0ae7c0348f2f7) Importer(815301076,1909f56bfc062723c751e8b465ee728b)  -> (artifact id: 'd8feb70a25a3870520b8406a1d5afed9') in 0.023282 seconds
Number of updated asset objects reloaded before import = 0
Number of asset objects unloaded after import = 3
========================================================================
Received Import Request.
  Time since last request: 0.000026 seconds.
  path: Assets/_UI/Modern UI Pack/Textures/Icon/Communication & Social/Facebook Filled.png
  artifactKey: Guid(98c2954aeef16da43a5acdda694615b0) Importer(815301076,1909f56bfc062723c751e8b465ee728b)
Start importing Assets/_UI/Modern UI Pack/Textures/Icon/Communication & Social/Facebook Filled.png using Guid(98c2954aeef16da43a5acdda694615b0) Importer(815301076,1909f56bfc062723c751e8b465ee728b)  -> (artifact id: '692bb5cc2a55be59ac2f8eeac3691948') in 0.020720 seconds
Number of updated asset objects reloaded before import = 0
Number of asset objects unloaded after import = 3
========================================================================
Received Import Request.
  Time since last request: 0.000029 seconds.
  path: Assets/_UI/Modern UI Pack/Textures/Icon/Communication & Social/Github (Filled).png
  artifactKey: Guid(21b64335db12190479894eb88ed5e9f6) Importer(815301076,1909f56bfc062723c751e8b465ee728b)
Start importing Assets/_UI/Modern UI Pack/Textures/Icon/Communication & Social/Github (Filled).png using Guid(21b64335db12190479894eb88ed5e9f6) Importer(815301076,1909f56bfc062723c751e8b465ee728b)  -> (artifact id: '8558d214e7fc7151b6f2d9c06bac56be') in 0.024112 seconds
Number of updated asset objects reloaded before import = 0
Number of asset objects unloaded after import = 3
========================================================================
Received Import Request.
  Time since last request: 0.000053 seconds.
  path: Assets/_UI/Modern UI Pack/Textures/Icon/Communication & Social/Message Filled.png
  artifactKey: Guid(3ced7172b98225d42afca1f2351860f2) Importer(815301076,1909f56bfc062723c751e8b465ee728b)
Start importing Assets/_UI/Modern UI Pack/Textures/Icon/Communication & Social/Message Filled.png using Guid(3ced7172b98225d42afca1f2351860f2) Importer(815301076,1909f56bfc062723c751e8b465ee728b)  -> (artifact id: 'f864172a71130f6c72e27c162f843fd8') in 0.024583 seconds
Number of updated asset objects reloaded before import = 0
Number of asset objects unloaded after import = 3
========================================================================
Received Import Request.
  Time since last request: 0.000020 seconds.
  path: Assets/_UI/Modern UI Pack/Textures/Icon/Communication & Social/Twitter Filled.png
  artifactKey: Guid(aa98348f2b3439c409574aa5757ddbf7) Importer(815301076,1909f56bfc062723c751e8b465ee728b)
Start importing Assets/_UI/Modern UI Pack/Textures/Icon/Communication & Social/Twitter Filled.png using Guid(aa98348f2b3439c409574aa5757ddbf7) Importer(815301076,1909f56bfc062723c751e8b465ee728b)  -> (artifact id: 'bd0ae66f9526c8fac00cd56de0765dfd') in 0.041253 seconds
Number of updated asset objects reloaded before import = 0
Number of asset objects unloaded after import = 3
========================================================================
Received Import Request.
  Time since last request: 0.000141 seconds.
  path: Assets/_UI/Modern UI Pack/Textures/Icon/Communication & Social/User.png
  artifactKey: Guid(54480c8535d545149b22ee8bfcaad6c2) Importer(815301076,1909f56bfc062723c751e8b465ee728b)
Start importing Assets/_UI/Modern UI Pack/Textures/Icon/Communication & Social/User.png using Guid(54480c8535d545149b22ee8bfcaad6c2) Importer(815301076,1909f56bfc062723c751e8b465ee728b)  -> (artifact id: 'f21018b5c4ba389629312dfe15a1d2a0') in 0.030845 seconds
Number of updated asset objects reloaded before import = 0
Number of asset objects unloaded after import = 3
========================================================================
Received Import Request.
  Time since last request: 0.000029 seconds.
  path: Assets/_UI/Modern UI Pack/Textures/Icon/Communication & Social/Reddit Filled.png
  artifactKey: Guid(c6818622dca7e704185912c9d9bafd97) Importer(815301076,1909f56bfc062723c751e8b465ee728b)
Start importing Assets/_UI/Modern UI Pack/Textures/Icon/Communication & Social/Reddit Filled.png using Guid(c6818622dca7e704185912c9d9bafd97) Importer(815301076,1909f56bfc062723c751e8b465ee728b)  -> (artifact id: '4c4c87a82bc9f93f2255128d07771eff') in 0.033315 seconds
Number of updated asset objects reloaded before import = 0
Number of asset objects unloaded after import = 3
========================================================================
Received Import Request.
  Time since last request: 0.000029 seconds.
  path: Assets/_UI/Modern UI Pack/Textures/Icon/Communication & Social/Email 2.png
  artifactKey: Guid(e3eb7e0ce65fdb54daef8ada37f7e761) Importer(815301076,1909f56bfc062723c751e8b465ee728b)
Start importing Assets/_UI/Modern UI Pack/Textures/Icon/Communication & Social/Email 2.png using Guid(e3eb7e0ce65fdb54daef8ada37f7e761) Importer(815301076,1909f56bfc062723c751e8b465ee728b)  -> (artifact id: 'cf46d39392cd46eecd06820bcdef57f4') in 0.032116 seconds
Number of updated asset objects reloaded before import = 0
Number of asset objects unloaded after import = 3
========================================================================
Received Import Request.
  Time since last request: 6.434229 seconds.
  path: Assets/_UI/Modern UI Pack/Textures/Icon/Device/Headphones Filled.png
  artifactKey: Guid(00b92cf396be96d49b9a933654bceda0) Importer(815301076,1909f56bfc062723c751e8b465ee728b)
Start importing Assets/_UI/Modern UI Pack/Textures/Icon/Device/Headphones Filled.png using Guid(00b92cf396be96d49b9a933654bceda0) Importer(815301076,1909f56bfc062723c751e8b465ee728b)  -> (artifact id: '17f468d5cee446911212fbe26532a898') in 0.021647 seconds
Number of updated asset objects reloaded before import = 0
Number of asset objects unloaded after import = 3
========================================================================
Received Import Request.
  Time since last request: 0.000024 seconds.
  path: Assets/_UI/Modern UI Pack/Textures/Icon/Device/Monitor Filled.png
  artifactKey: Guid(f74e44b59b87aa04ab56788493e3ad3c) Importer(815301076,1909f56bfc062723c751e8b465ee728b)
Start importing Assets/_UI/Modern UI Pack/Textures/Icon/Device/Monitor Filled.png using Guid(f74e44b59b87aa04ab56788493e3ad3c) Importer(815301076,1909f56bfc062723c751e8b465ee728b)  -> (artifact id: '5d54f47f3aaf38d42ed71b1c8211efa8') in 0.022767 seconds
Number of updated asset objects reloaded before import = 0
Number of asset objects unloaded after import = 3
========================================================================
Received Import Request.
  Time since last request: 0.000026 seconds.
  path: Assets/_UI/Modern UI Pack/Textures/Icon/Device/Monitor.png
  artifactKey: Guid(2ea2a410821d1e74a8b58fd3ae84d641) Importer(815301076,1909f56bfc062723c751e8b465ee728b)
Start importing Assets/_UI/Modern UI Pack/Textures/Icon/Device/Monitor.png using Guid(2ea2a410821d1e74a8b58fd3ae84d641) Importer(815301076,1909f56bfc062723c751e8b465ee728b)  -> (artifact id: '27edc5642153dc5f11aa0a6eca98ae35') in 0.030940 seconds
Number of updated asset objects reloaded before import = 0
Number of asset objects unloaded after import = 3
========================================================================
Received Import Request.
  Time since last request: 0.000034 seconds.
  path: Assets/_UI/Modern UI Pack/Textures/Icon/Device/Speaker Filled.png
  artifactKey: Guid(7156a4ec24c5ff9498690f0d162be4d6) Importer(815301076,1909f56bfc062723c751e8b465ee728b)
Start importing Assets/_UI/Modern UI Pack/Textures/Icon/Device/Speaker Filled.png using Guid(7156a4ec24c5ff9498690f0d162be4d6) Importer(815301076,1909f56bfc062723c751e8b465ee728b)  -> (artifact id: '4e4f1e824b39d545e8105f80819af5b9') in 0.029859 seconds
Number of updated asset objects reloaded before import = 0
Number of asset objects unloaded after import = 3
========================================================================
Received Import Request.
  Time since last request: 1.966999 seconds.
  path: Assets/_UI/Modern UI Pack/Textures/Icon/Document/Book Filled.png
  artifactKey: Guid(fb111413c0e539e438d6b210bdc63b88) Importer(815301076,1909f56bfc062723c751e8b465ee728b)
Start importing Assets/_UI/Modern UI Pack/Textures/Icon/Document/Book Filled.png using Guid(fb111413c0e539e438d6b210bdc63b88) Importer(815301076,1909f56bfc062723c751e8b465ee728b)  -> (artifact id: '97d1e6b1b21515161cbda86aaf7750b7') in 0.024067 seconds
Number of updated asset objects reloaded before import = 0
Number of asset objects unloaded after import = 3
========================================================================
Received Import Request.
  Time since last request: 0.000029 seconds.
  path: Assets/_UI/Modern UI Pack/Textures/Icon/Document/Document.png
  artifactKey: Guid(ff85d7dda4124104e9ed87a401189bd6) Importer(815301076,1909f56bfc062723c751e8b465ee728b)
Start importing Assets/_UI/Modern UI Pack/Textures/Icon/Document/Document.png using Guid(ff85d7dda4124104e9ed87a401189bd6) Importer(815301076,1909f56bfc062723c751e8b465ee728b)  -> (artifact id: '1c18a246880e91b0a08f9f224767b98b') in 0.031990 seconds
Number of updated asset objects reloaded before import = 0
Number of asset objects unloaded after import = 3
========================================================================
Received Import Request.
  Time since last request: 0.000033 seconds.
  path: Assets/_UI/Modern UI Pack/Textures/Icon/Document/Folder Filled.png
  artifactKey: Guid(ae2b6a667334e87439b6ed47b528ff8c) Importer(815301076,1909f56bfc062723c751e8b465ee728b)
Start importing Assets/_UI/Modern UI Pack/Textures/Icon/Document/Folder Filled.png using Guid(ae2b6a667334e87439b6ed47b528ff8c) Importer(815301076,1909f56bfc062723c751e8b465ee728b)  -> (artifact id: '9069a202f23d329797908f4598f2b5a5') in 0.033348 seconds
Number of updated asset objects reloaded before import = 0
Number of asset objects unloaded after import = 3
========================================================================
Received Import Request.
  Time since last request: 1.609806 seconds.
  path: Assets/_UI/Modern UI Pack/Textures/Icon/Map/Globe Filled.png
  artifactKey: Guid(92a894772cc85fc42b86fb5a83745389) Importer(815301076,1909f56bfc062723c751e8b465ee728b)
Start importing Assets/_UI/Modern UI Pack/Textures/Icon/Map/Globe Filled.png using Guid(92a894772cc85fc42b86fb5a83745389) Importer(815301076,1909f56bfc062723c751e8b465ee728b)  -> (artifact id: 'f54f78812187a7c32212cc4b3216ea39') in 0.025791 seconds
Number of updated asset objects reloaded before import = 0
Number of asset objects unloaded after import = 3
========================================================================
Received Import Request.
  Time since last request: 0.000069 seconds.
  path: Assets/_UI/Modern UI Pack/Textures/Icon/Map/Map Filled.png
  artifactKey: Guid(4caf56eb275238349b0e7ed2db462f92) Importer(815301076,1909f56bfc062723c751e8b465ee728b)
Start importing Assets/_UI/Modern UI Pack/Textures/Icon/Map/Map Filled.png using Guid(4caf56eb275238349b0e7ed2db462f92) Importer(815301076,1909f56bfc062723c751e8b465ee728b)  -> (artifact id: '5f453d4d1be981d7aa8d9fcf7a3ae1e9') in 0.038522 seconds
Number of updated asset objects reloaded before import = 0
Number of asset objects unloaded after import = 3
========================================================================
Received Import Request.
  Time since last request: 2.519675 seconds.
  path: Assets/_UI/Modern UI Pack/Textures/Icon/Media/Camera Filled.png
  artifactKey: Guid(362e6f4d23830564fb4ddec587856c31) Importer(815301076,1909f56bfc062723c751e8b465ee728b)
Start importing Assets/_UI/Modern UI Pack/Textures/Icon/Media/Camera Filled.png using Guid(362e6f4d23830564fb4ddec587856c31) Importer(815301076,1909f56bfc062723c751e8b465ee728b)  -> (artifact id: '98d8ea0be915a221bb6636cc75bc6feb') in 0.022594 seconds
Number of updated asset objects reloaded before import = 0
Number of asset objects unloaded after import = 3
========================================================================
Received Import Request.
  Time since last request: 0.000022 seconds.
  path: Assets/_UI/Modern UI Pack/Textures/Icon/Media/Microphone Filled.png
  artifactKey: Guid(247cb504efaf4474bbaeb4346701b99c) Importer(815301076,1909f56bfc062723c751e8b465ee728b)
Start importing Assets/_UI/Modern UI Pack/Textures/Icon/Media/Microphone Filled.png using Guid(247cb504efaf4474bbaeb4346701b99c) Importer(815301076,1909f56bfc062723c751e8b465ee728b)  -> (artifact id: '7a56cb0e6e091fbdb0f1c4fa3915d46e') in 0.021554 seconds
Number of updated asset objects reloaded before import = 0
Number of asset objects unloaded after import = 3
========================================================================
Received Import Request.
  Time since last request: 0.000020 seconds.
  path: Assets/_UI/Modern UI Pack/Textures/Icon/Media/Play.png
  artifactKey: Guid(2f2ed1a167dc67349a42cb44a3d9b115) Importer(815301076,1909f56bfc062723c751e8b465ee728b)
Start importing Assets/_UI/Modern UI Pack/Textures/Icon/Media/Play.png using Guid(2f2ed1a167dc67349a42cb44a3d9b115) Importer(815301076,1909f56bfc062723c751e8b465ee728b)  -> (artifact id: 'e955b3a7ba646e31384306bbc93aa149') in 0.028609 seconds
Number of updated asset objects reloaded before import = 0
Number of asset objects unloaded after import = 3
========================================================================
Received Import Request.
  Time since last request: 0.000024 seconds.
  path: Assets/_UI/Modern UI Pack/Textures/Icon/Media/Video Filled.png
  artifactKey: Guid(9dc58fb07aa97b1489201500cf80db2c) Importer(815301076,1909f56bfc062723c751e8b465ee728b)
Start importing Assets/_UI/Modern UI Pack/Textures/Icon/Media/Video Filled.png using Guid(9dc58fb07aa97b1489201500cf80db2c) Importer(815301076,1909f56bfc062723c751e8b465ee728b)  -> (artifact id: '6d61c1a9d20c04833fb68ec5af9ff383') in 0.035488 seconds
Number of updated asset objects reloaded before import = 0
Number of asset objects unloaded after import = 3
========================================================================
Received Import Request.
  Time since last request: 0.000022 seconds.
  path: Assets/_UI/Modern UI Pack/Textures/Icon/Media/Pause.png
  artifactKey: Guid(80694812942b91b42bc4aad99071ba7e) Importer(815301076,1909f56bfc062723c751e8b465ee728b)
Start importing Assets/_UI/Modern UI Pack/Textures/Icon/Media/Pause.png using Guid(80694812942b91b42bc4aad99071ba7e) Importer(815301076,1909f56bfc062723c751e8b465ee728b)  -> (artifact id: 'f0414e19502446b0926ecce040497a20') in 0.035948 seconds
Number of updated asset objects reloaded before import = 0
Number of asset objects unloaded after import = 4
========================================================================
Received Import Request.
  Time since last request: 2.658929 seconds.
  path: Assets/_UI/Modern UI Pack/Textures/Icon/Navigation/Arrow Down.png
  artifactKey: Guid(6e54eaa482ea20d4fbe2b232ac925827) Importer(815301076,1909f56bfc062723c751e8b465ee728b)
Start importing Assets/_UI/Modern UI Pack/Textures/Icon/Navigation/Arrow Down.png using Guid(6e54eaa482ea20d4fbe2b232ac925827) Importer(815301076,1909f56bfc062723c751e8b465ee728b)  -> (artifact id: 'e58da9abc3a5b6dfa60ec2f11bb090c5') in 0.025038 seconds
Number of updated asset objects reloaded before import = 0
Number of asset objects unloaded after import = 3
========================================================================
Received Import Request.
  Time since last request: 0.000020 seconds.
  path: Assets/_UI/Modern UI Pack/Textures/Icon/Navigation/Arrow Simple Down.png
  artifactKey: Guid(a75ddb2acfe03174c87f41bd9fc3f406) Importer(815301076,1909f56bfc062723c751e8b465ee728b)
Start importing Assets/_UI/Modern UI Pack/Textures/Icon/Navigation/Arrow Simple Down.png using Guid(a75ddb2acfe03174c87f41bd9fc3f406) Importer(815301076,1909f56bfc062723c751e8b465ee728b)  -> (artifact id: 'b0cb82808c9d333d7761498af2724029') in 0.031460 seconds
Number of updated asset objects reloaded before import = 0
Number of asset objects unloaded after import = 3
========================================================================
Received Import Request.
  Time since last request: 0.000020 seconds.
  path: Assets/_UI/Modern UI Pack/Textures/Icon/Navigation/Check.png
  artifactKey: Guid(1c1bef4b40e990c42aed6432ebd324ef) Importer(815301076,1909f56bfc062723c751e8b465ee728b)
Start importing Assets/_UI/Modern UI Pack/Textures/Icon/Navigation/Check.png using Guid(1c1bef4b40e990c42aed6432ebd324ef) Importer(815301076,1909f56bfc062723c751e8b465ee728b)  -> (artifact id: '66b5ca72df20b331f20805f1c3605a78') in 0.031785 seconds
Number of updated asset objects reloaded before import = 0
Number of asset objects unloaded after import = 3
========================================================================
Received Import Request.
  Time since last request: 0.000024 seconds.
  path: Assets/_UI/Modern UI Pack/Textures/Icon/Navigation/Search Filled.png
  artifactKey: Guid(884abe14c27aba442816af75e4398a05) Importer(815301076,1909f56bfc062723c751e8b465ee728b)
Start importing Assets/_UI/Modern UI Pack/Textures/Icon/Navigation/Search Filled.png using Guid(884abe14c27aba442816af75e4398a05) Importer(815301076,1909f56bfc062723c751e8b465ee728b)  -> (artifact id: 'e4387828f76a8659422e30e75e40ab4c') in 0.022509 seconds
Number of updated asset objects reloaded before import = 0
Number of asset objects unloaded after import = 3
========================================================================
Received Import Request.
  Time since last request: 0.000027 seconds.
  path: Assets/_UI/Modern UI Pack/Textures/Icon/Navigation/Warning.png
  artifactKey: Guid(2a19aaadcf7844142a73ce60950ec353) Importer(815301076,1909f56bfc062723c751e8b465ee728b)
Start importing Assets/_UI/Modern UI Pack/Textures/Icon/Navigation/Warning.png using Guid(2a19aaadcf7844142a73ce60950ec353) Importer(815301076,1909f56bfc062723c751e8b465ee728b)  -> (artifact id: '97dc4f11679d4f735a96c255ab85294a') in 0.023075 seconds
Number of updated asset objects reloaded before import = 0
Number of asset objects unloaded after import = 3
========================================================================
Received Import Request.
  Time since last request: 0.000028 seconds.
  path: Assets/_UI/Modern UI Pack/Textures/Icon/Navigation/Swap (Filled).png
  artifactKey: Guid(51e690e7e995815488f6e7e784481447) Importer(815301076,1909f56bfc062723c751e8b465ee728b)
Start importing Assets/_UI/Modern UI Pack/Textures/Icon/Navigation/Swap (Filled).png using Guid(51e690e7e995815488f6e7e784481447) Importer(815301076,1909f56bfc062723c751e8b465ee728b)  -> (artifact id: '1bbf3395f8ee67021e05bfff310a1b1e') in 0.040030 seconds
Number of updated asset objects reloaded before import = 0
Number of asset objects unloaded after import = 3
========================================================================
Received Import Request.
  Time since last request: 0.000023 seconds.
  path: Assets/_UI/Modern UI Pack/Textures/Icon/Navigation/Arrow Simple Up.png
  artifactKey: Guid(a685aa7ba5f7a074f8a84237bbab1032) Importer(815301076,1909f56bfc062723c751e8b465ee728b)
Start importing Assets/_UI/Modern UI Pack/Textures/Icon/Navigation/Arrow Simple Up.png using Guid(a685aa7ba5f7a074f8a84237bbab1032) Importer(815301076,1909f56bfc062723c751e8b465ee728b)  -> (artifact id: '1c60fed1ab5d62171490b47988c6a4e9') in 0.035880 seconds
Number of updated asset objects reloaded before import = 0
Number of asset objects unloaded after import = 3
========================================================================
Received Import Request.
  Time since last request: 0.000059 seconds.
  path: Assets/_UI/Modern UI Pack/Textures/Icon/Navigation/Arrow Up.png
  artifactKey: Guid(9e09e2a2dc8f2864190a125cba002b62) Importer(815301076,1909f56bfc062723c751e8b465ee728b)
Start importing Assets/_UI/Modern UI Pack/Textures/Icon/Navigation/Arrow Up.png using Guid(9e09e2a2dc8f2864190a125cba002b62) Importer(815301076,1909f56bfc062723c751e8b465ee728b)  -> (artifact id: '6289232233e102ea0439d9445f90a8f5') in 0.029119 seconds
Number of updated asset objects reloaded before import = 0
Number of asset objects unloaded after import = 3
========================================================================
Received Import Request.
  Time since last request: 9.013975 seconds.
  path: Assets/_UI/Modern UI Pack/Textures/Icon/Reward/Medal Filled.png
  artifactKey: Guid(e9daea4291d5699478b7643cdbc95171) Importer(815301076,1909f56bfc062723c751e8b465ee728b)
Start importing Assets/_UI/Modern UI Pack/Textures/Icon/Reward/Medal Filled.png using Guid(e9daea4291d5699478b7643cdbc95171) Importer(815301076,1909f56bfc062723c751e8b465ee728b)  -> (artifact id: 'f6524e5cf69ff141ac00664b6ebffb78') in 0.040220 seconds
Number of updated asset objects reloaded before import = 0
Number of asset objects unloaded after import = 3
========================================================================
Received Import Request.
  Time since last request: 1.870799 seconds.
  path: Assets/_UI/Modern UI Pack/Textures/Icon/System/Lock Filled.png
  artifactKey: Guid(89e149e4fbbb5784aa4667ac9fd39605) Importer(815301076,1909f56bfc062723c751e8b465ee728b)
Start importing Assets/_UI/Modern UI Pack/Textures/Icon/System/Lock Filled.png using Guid(89e149e4fbbb5784aa4667ac9fd39605) Importer(815301076,1909f56bfc062723c751e8b465ee728b)  -> (artifact id: '33d94b8f2ed309f940ba7d03af5ad9cf') in 0.028716 seconds
Number of updated asset objects reloaded before import = 0
Number of asset objects unloaded after import = 3
========================================================================
Received Import Request.
  Time since last request: 0.000021 seconds.
  path: Assets/_UI/Modern UI Pack/Textures/Icon/System/Shield.png
  artifactKey: Guid(138796f6771a1ba4c9a72797e7dabeb6) Importer(815301076,1909f56bfc062723c751e8b465ee728b)
Start importing Assets/_UI/Modern UI Pack/Textures/Icon/System/Shield.png using Guid(138796f6771a1ba4c9a72797e7dabeb6) Importer(815301076,1909f56bfc062723c751e8b465ee728b)  -> (artifact id: '2720c8d48e44561524136e2e483dd2d9') in 0.041683 seconds
Number of updated asset objects reloaded before import = 0
Number of asset objects unloaded after import = 3
========================================================================
Received Import Request.
  Time since last request: 1.841030 seconds.
  path: Assets/_UI/Modern UI Pack/Textures/Icon/UI Elements/Button (Filled).png
  artifactKey: Guid(6fe3a26b9c8c4a24e9e8c3ec61cd5cc6) Importer(815301076,1909f56bfc062723c751e8b465ee728b)
Start importing Assets/_UI/Modern UI Pack/Textures/Icon/UI Elements/Button (Filled).png using Guid(6fe3a26b9c8c4a24e9e8c3ec61cd5cc6) Importer(815301076,1909f56bfc062723c751e8b465ee728b)  -> (artifact id: '1f15485553eb2b381c1749eaff7c7417') in 0.022262 seconds
Number of updated asset objects reloaded before import = 0
Number of asset objects unloaded after import = 3
========================================================================
Received Import Request.
  Time since last request: 0.000023 seconds.
  path: Assets/_UI/Modern UI Pack/Textures/Icon/UI Elements/Dropdown.png
  artifactKey: Guid(d5da7e971c583dd4493fab864dcb84ef) Importer(815301076,1909f56bfc062723c751e8b465ee728b)
Start importing Assets/_UI/Modern UI Pack/Textures/Icon/UI Elements/Dropdown.png using Guid(d5da7e971c583dd4493fab864dcb84ef) Importer(815301076,1909f56bfc062723c751e8b465ee728b)  -> (artifact id: 'd8cc9fe958ede40708455d03e0b483cc') in 0.022381 seconds
Number of updated asset objects reloaded before import = 0
Number of asset objects unloaded after import = 3
========================================================================
Received Import Request.
  Time since last request: 0.000021 seconds.
  path: Assets/_UI/Modern UI Pack/Textures/Icon/UI Elements/Modal Window.png
  artifactKey: Guid(68245c7c4b23d6a4982d0ef819222e4b) Importer(815301076,1909f56bfc062723c751e8b465ee728b)
Start importing Assets/_UI/Modern UI Pack/Textures/Icon/UI Elements/Modal Window.png using Guid(68245c7c4b23d6a4982d0ef819222e4b) Importer(815301076,1909f56bfc062723c751e8b465ee728b)  -> (artifact id: '1dd3d59724f1424be07fad89905c2953') in 0.026221 seconds
Number of updated asset objects reloaded before import = 0
Number of asset objects unloaded after import = 3
========================================================================
Received Import Request.
  Time since last request: 0.000023 seconds.
  path: Assets/_UI/Modern UI Pack/Textures/Icon/UI Elements/Slider (Filled).png
  artifactKey: Guid(f1b2ff8d303f8ed47abd425770dbc2f5) Importer(815301076,1909f56bfc062723c751e8b465ee728b)
Start importing Assets/_UI/Modern UI Pack/Textures/Icon/UI Elements/Slider (Filled).png using Guid(f1b2ff8d303f8ed47abd425770dbc2f5) Importer(815301076,1909f56bfc062723c751e8b465ee728b)  -> (artifact id: '74f13818eee709d578b2274873a84b17') in 0.028930 seconds
Number of updated asset objects reloaded before import = 0
Number of asset objects unloaded after import = 3
========================================================================
Received Import Request.
  Time since last request: 0.000039 seconds.
  path: Assets/_UI/Modern UI Pack/Textures/Icon/UI Elements/Toggle (Filled).png
  artifactKey: Guid(566787ba43e2a5646bdabb62bd6845f2) Importer(815301076,1909f56bfc062723c751e8b465ee728b)
Start importing Assets/_UI/Modern UI Pack/Textures/Icon/UI Elements/Toggle (Filled).png using Guid(566787ba43e2a5646bdabb62bd6845f2) Importer(815301076,1909f56bfc062723c751e8b465ee728b)  -> (artifact id: '5f3bcb297353ad4b1530892244bac34e') in 0.046125 seconds
Number of updated asset objects reloaded before import = 0
Number of asset objects unloaded after import = 3
========================================================================
Received Import Request.
  Time since last request: 0.000044 seconds.
  path: Assets/_UI/Modern UI Pack/Textures/Icon/UI Elements/Window Manager.png
  artifactKey: Guid(963c222ecbbd16f41aad4a3fc3a42c5e) Importer(815301076,1909f56bfc062723c751e8b465ee728b)
Start importing Assets/_UI/Modern UI Pack/Textures/Icon/UI Elements/Window Manager.png using Guid(963c222ecbbd16f41aad4a3fc3a42c5e) Importer(815301076,1909f56bfc062723c751e8b465ee728b)  -> (artifact id: '94a4090ea479cfe15c3ae93defb3202d') in 0.036942 seconds
Number of updated asset objects reloaded before import = 0
Number of asset objects unloaded after import = 3
========================================================================
Received Import Request.
  Time since last request: 45.337729 seconds.
  path: Assets/_UI/Modern UI Pack/Textures/Icon/Weather/Cloud Filled.png
  artifactKey: Guid(87bab8761be522443bfb6327a272a9db) Importer(815301076,1909f56bfc062723c751e8b465ee728b)
Start importing Assets/_UI/Modern UI Pack/Textures/Icon/Weather/Cloud Filled.png using Guid(87bab8761be522443bfb6327a272a9db) Importer(815301076,1909f56bfc062723c751e8b465ee728b)  -> (artifact id: '1973ee901b5b32168514ac2fbe0eec9d') in 0.047289 seconds
Number of updated asset objects reloaded before import = 0
Number of asset objects unloaded after import = 3
========================================================================
Received Import Request.
  Time since last request: 0.766345 seconds.
  path: Assets/_UI/Modern UI Pack/Textures/Icon/Web & Cloud/Cloud Download Filled.png
  artifactKey: Guid(6ef0d7c5de16ca14fb868b4cbd8f05c5) Importer(815301076,1909f56bfc062723c751e8b465ee728b)
Start importing Assets/_UI/Modern UI Pack/Textures/Icon/Web & Cloud/Cloud Download Filled.png using Guid(6ef0d7c5de16ca14fb868b4cbd8f05c5) Importer(815301076,1909f56bfc062723c751e8b465ee728b)  -> (artifact id: 'd69bda70eb804022a86c6031434e1ef6') in 0.039600 seconds
Number of updated asset objects reloaded before import = 0
Number of asset objects unloaded after import = 3
Editor requested this worker to shutdown with reason: Scaling down because of idle timeout
AssetImportWorker is now disconnected from the server
Process exiting
Exiting without the bug reporter. Application will terminate with return code 0